Log file open, 02/11/15 20:31:43
LogInit:Display: Running engine for game: FirstPersonExp
LogInit: Version: 4.6.1-2386410+++depot+UE4-Releases+4.6
LogInit: API Version: 2369412
LogInit: Compiled (64-bit): Dec 11 2014 21:31:39
LogInit: Compiled with Visual C++: 18.00.21005.01
LogInit: Build Configuration: Development
LogInit: Branch Name: ++depot+UE4-Releases+4.6
LogInit: Command line:  
LogInit: Base directory: C:/Program Files/Epic Games/4.6/Engine/Binaries/Win64/
LogInit: Rocket: 1
[2015.02.11-15.01.43:030][  0]LogTaskGraph: Started task graph with 3 named threads and 6 total threads.
[2015.02.11-15.01.43:108][  0]LogOnline:Warning: No default platform service specified for OnlineSubsystem
[2015.02.11-15.01.43:168][  0]LogInit: Presizing for 0 objects not considered by GC, pre-allocating 0 bytes.
[2015.02.11-15.01.43:178][  0]LogInit: Object subsystem initialized
[2015.02.11-15.01.43:180][  0]LogConsoleResponse:Warning: Skipping Unknown console variable: 'UIScaleRule = ShortestSide'
[2015.02.11-15.01.43:180][  0]LogConsoleResponse:Warning:   Found in ini file 'D:/Unreal Experimental Projects/GravityGunFPS/Saved/Config/Windows/Engine.ini', in section '[/Script/Engine.RendererSettings]'
[2015.02.11-15.01.43:180][  0]LogConsoleResponse:Warning: Skipping Unknown console variable: 'UIScaleCurve = (EditorCurveData=(Keys=),ExternalCurve=None)'
[2015.02.11-15.01.43:180][  0]LogConsoleResponse:Warning:   Found in ini file 'D:/Unreal Experimental Projects/GravityGunFPS/Saved/Config/Windows/Engine.ini', in section '[/Script/Engine.RendererSettings]'
[2015.02.11-15.01.43:180][  0]LogConsoleManager:Warning: Console variable 'r.MSAA.CompositingSampleCount' wasn't set (Priority ProjectSetting < Scalability)
[2015.02.11-15.01.43:181][  0]LogInit: Selected Device Profile: [Windows]
[2015.02.11-15.01.43:181][  0]LogInit: Applying CVar settings loaded from the selected device profile: [Windows]
[2015.02.11-15.01.43:187][  0]LogInit: Computer: PROTEUS_CORE
[2015.02.11-15.01.43:187][  0]LogInit: User: Rohit
[2015.02.11-15.01.43:187][  0]LogInit: CPU Page size=4096, Cores=4
[2015.02.11-15.01.43:187][  0]LogInit: High frequency timer resolution =3.027412 MHz
[2015.02.11-15.01.43:187][  0]LogMemory: Memory total: Physical=7.9GB (8GB approx) Virtual=8192.0GB
[2015.02.11-15.01.43:187][  0]LogMemory: Platform Memory Stats for Windows
[2015.02.11-15.01.43:187][  0]LogMemory: Process Physical Memory: 49.91 MB used, 49.91 MB peak
[2015.02.11-15.01.43:187][  0]LogMemory: Process Virtual Memory: 26.10 MB used, 26.10 MB peak
[2015.02.11-15.01.43:187][  0]LogMemory: Physical Memory: 2853.59 MB used, 8136.00 MB total
[2015.02.11-15.01.43:187][  0]LogMemory: Virtual Memory: 265.28 MB used, 8388608.00 MB total
[2015.02.11-15.01.43:239][  0]LogD3D11RHI: Found D3D11 adapter 0: NVIDIA GeForce GTX 660   (Feature Level 11_0)
[2015.02.11-15.01.43:239][  0]LogD3D11RHI: Adapter has 1989MB of dedicated video memory, 0MB of dedicated system memory, and 2048MB of shared system memory, 1 output[s]
[2015.02.11-15.01.43:239][  0]LogD3D11RHI: Chosen D3D11 Adapter Id = 0
[2015.02.11-15.01.43:243][  0]LogRHI: Texture pool is 1361 MB (70% of 1945 MB)
[2015.02.11-15.01.43:250][  0]LogD3D11RHI: Async texture creation enabled
[2015.02.11-15.01.43:410][  0]LogTextLocalizationManager: The requested culture ('en_US') has no localization data; parent culture's ('en') localization data will be used.
[2015.02.11-15.01.43:573][  0]LogContentStreaming: Texture pool size is 0.000000MB
[2015.02.11-15.01.51:688][  0]LogTargetPlatformManager:Display: Building Assets For Windows
[2015.02.11-15.01.52:721][  0]LogTargetPlatformManager:Display: Building Assets For Windows
[2015.02.11-15.01.52:797][  0]LogDerivedDataCache:Display: Max Cache Size: 512 MB
[2015.02.11-15.01.52:832][  0]LogDerivedDataCache: Loaded boot cache 0.03s 39MB C:/Users/Rohit/AppData/Local/UnrealEngine/4.6/DerivedDataCache/Boot.ddc.
[2015.02.11-15.01.52:832][  0]LogDerivedDataCache:Display: Loaded Boot cache: C:/Users/Rohit/AppData/Local/UnrealEngine/4.6/DerivedDataCache/Boot.ddc
[2015.02.11-15.01.52:832][  0]LogDerivedDataCache: FDerivedDataBackendGraph:  Pak pak cache file D:/Unreal Experimental Projects/GravityGunFPS/DerivedDataCache/DDC.ddp not found, will not use a pak cache.
[2015.02.11-15.01.52:832][  0]LogDerivedDataCache: Unable to find inner node Pak for hierarchical cache Hierarchy.
[2015.02.11-15.01.52:927][  0]LogDerivedDataCache:Display: Pak cache opened for reading ../../../Engine/DerivedDataCache/DDC.ddp.
[2015.02.11-15.01.52:940][  0]LogDerivedDataCache: Using Local data cache path C:/Users/Rohit/AppData/Local/UnrealEngine/Common/DerivedDataCache: Writable
[2015.02.11-15.01.53:079][  0]LogCollisionProfile:Warning: Profile (UI) - Custom Channel Name = 'Weapon' hasn't been found
[2015.02.11-15.01.53:239][  0]LogMeshUtilities: No automatic mesh reduction module available
[2015.02.11-15.01.53:239][  0]LogMeshUtilities: No automatic mesh merging module available
[2015.02.11-15.01.53:678][  0]LogInit: WinSock: version 1.1 (2.2), MaxSocks=32767, MaxUdp=65467
[2015.02.11-15.01.53:780][  0]LogSlate:Warning: Failed to load font data from '../../../Engine/Content/Slate/Fonts/Roboto-Italic.ttf'
[2015.02.11-15.01.54:995][  0]UdpMessaging: Initializing bridge on interface 0.0.0.0:0 to multicast group 230.0.0.1:6666.
[2015.02.11-15.01.55:329][  0]LogDirectoryWatcher:Warning: Failed to begin reading directory changes for D:/Unreal Experimental Projects/GravityGunFPS/Binaries/Win64. Error: 0
[2015.02.11-15.01.55:537][  0]SourceControl: Info Source control is disabled
[2015.02.11-15.01.55:537][  0]SourceControl: Info Source control is disabled
[2015.02.11-15.01.55:547][  0]SourceControl: Info Source control is disabled
[2015.02.11-15.01.55:800][  0]LogObj: 23754 objects as part of root set at end of initial load.
[2015.02.11-15.01.55:800][  0]LogUObjectAllocator: 5168136 out of 0 bytes used by permanent object pool.
[2015.02.11-15.01.55:878][  0]LogEngine: Initializing Engine...
[2015.02.11-15.01.56:030][  0]LogInit: XAudio2 using 'Speakers (Realtek High Definition Audio)' : 2 channels at 48 kHz using 32 bits per sample (channel mask 0x3)
[2015.02.11-15.01.56:066][  0]LogInit: FAudioDevice initialized.
[2015.02.11-15.01.56:100][  0]LogAIModule: Creating AISystem for world NewWorld
[2015.02.11-15.01.56:122][  0]LogDerivedDataCache: Saved boot cache 0.02s 39MB C:/Users/Rohit/AppData/Local/UnrealEngine/4.6/DerivedDataCache/Boot.ddc.
[2015.02.11-15.01.56:124][  0]LogInit: Texture streaming: Enabled
[2015.02.11-15.01.56:172][  0]LogAnalytics: Creating configured Analytics provider AnalyticsET
[2015.02.11-15.01.56:172][  0]LogAnalytics: ET APIKey = Rocket.Release. APIServer = http://et2.epicgames.com/ET2/. AppVersion = 4.6.1-2386410+++depot+UE4-Releases+4.6
[2015.02.11-15.01.56:173][  0]LogAnalytics: SetUserId 846f9e962d3c9a8a374d7b351a24739f
[2015.02.11-15.01.56:173][  0]LogAnalytics: AnalyticsET::StartSession [Rocket.Release]
[2015.02.11-15.01.56:246][  0]LogInit: Transaction tracking system initialized
[2015.02.11-15.01.56:427][  0]BlueprintLog: New page: Editor Load
[2015.02.11-15.01.56:488][  0]LogAssetRegistry: FAssetRegistry took 0.0096 seconds to start up
[2015.02.11-15.01.56:488][  0]LogDirectoryWatcher:Warning: Failed to begin reading directory changes for ../../../Engine/Plugins/Experimental/CharacterAI/Content/. Error: 0
[2015.02.11-15.01.57:584][  0]LogTargetPlatformManager:Display: Building Assets For Windows
[2015.02.11-15.01.58:420][  0]LogTargetPlatformManager:Display: Building Assets For Windows
[2015.02.11-15.01.58:763][  0]LogConsoleResponse:Display: 
[2015.02.11-15.01.58:813][  0]LogLinker:Warning: Asset '../../../Engine/Content/Functions/Engine_MaterialFunctions03/Procedurals/ComputeFilterWidth.uasset' has been saved with empty engine version. The asset will be loaded but may be incompatible.
[2015.02.11-15.01.59:123][  0]SourceControl: Info Source control is disabled
[2015.02.11-15.01.59:123][  0]Cmd: MAP LOAD FILE="D:/Unreal Experimental Projects/GravityGunFPS/Content/Maps/Example_Map.umap" TEMPLATE=0 SHOWPROGRESS=1
[2015.02.11-15.01.59:124][  0]LightingResults: New page: Lighting Build
[2015.02.11-15.01.59:137][  0]MapCheck: New page: Map Check
[2015.02.11-15.01.59:137][  0]LightingResults: New page: Lighting Build
[2015.02.11-15.01.59:143][  0]LogParticles: Destroying 0 GPU particle simulations for FXSystem 0x000000001613BE20
[2015.02.11-15.01.59:466][  0]LogEditorServer: Finished looking for orphan Actors (0.000 secs)
[2015.02.11-15.01.59:466][  0]LogAIModule: Creating AISystem for world Example_Map
[2015.02.11-15.01.59:466][  0]Cmd: MAP CHECKDEP
[2015.02.11-15.01.59:466][  0]MapCheck: New page: Example_Map - Feb 12, 2015, 2:01:59 AM
[2015.02.11-15.01.59:622][  0]MapCheck: Info Map check complete: 0 Error(s), 0 Warning(s), took 155.41ms to complete.
[2015.02.11-15.01.59:622][  0]LogFileHelpers: Loading map 'Example_Map' took 0.499
[2015.02.11-15.01.59:759][  0]LogCollectionManager: Loaded 0 collections in 0.001294 seconds
[2015.02.11-15.01.59:895][  0]LogCrashTracker: Crashtracker disabled due to settings.
[2015.02.11-15.01.59:901][  0]LogUObjectGlobals:Warning: Failed to find object 'Class None.'
[2015.02.11-15.01.59:936][  0]LogLoad: Full Startup: 19.28 seconds (BP compile: 0.04 seconds)
[2015.02.11-15.02.00:290][  0]LogContentBrowser:Verbose: The content browser source was changed by the sources view to '/Game/StarterContent/Architecture'
[2015.02.11-15.02.00:446][  0]LogRenderer:Warning: Reallocating scene render targets to support 1136x904.
[2015.02.11-15.02.01:634][  4]LogAssetRegistry: Asset discovery search completed in 5.1567 seconds
[2015.02.11-15.02.02:964][  8]LogPlayLevel: PIE:  No blueprints needed recompiling
[2015.02.11-15.02.02:964][  8]PIE: New page: PIE session: Example_Map (Feb 12, 2015, 2:02:02 AM)
[2015.02.11-15.02.03:019][  8]LogPlayLevel: PIE: StaticDuplicateObject took: (0.054360s)
[2015.02.11-15.02.03:020][  8]LogPlayLevel: PIE: World Init took: (0.000678s)
[2015.02.11-15.02.03:020][  8]LogPlayLevel: PIE: Created PIE world by copying editor world from /Game/Maps/Example_Map.Example_Map to /Game/Maps/UEDPIE_0_Example_Map.Example_Map (0.055240s)
[2015.02.11-15.02.03:068][  8]LogLinker:Warning: Can't find file '/Game/Animations/FPP_Idle'
[2015.02.11-15.02.03:068][  8]LogLinker:Warning: Can't find file for asset '/Game/Animations/FPP_Idle' while loading D:/Unreal Experimental Projects/GravityGunFPS/Content/Character/HeroFPP_AnimBlueprint.uasset.
[2015.02.11-15.02.03:068][  8]LoadErrors:Error: Error /Game/Character/HeroFPP_AnimBlueprint : Can't find file for asset. /Game/Animations/FPP_Idle
[2015.02.11-15.02.03:069][  8]LogLinker:Warning: Can't find file '/Game/Animations/FPP_JumpEnd'
[2015.02.11-15.02.03:069][  8]LogLinker:Warning: Can't find file for asset '/Game/Animations/FPP_JumpEnd' while loading D:/Unreal Experimental Projects/GravityGunFPS/Content/Character/HeroFPP_AnimBlueprint.uasset.
[2015.02.11-15.02.03:069][  8]LoadErrors:Error: Error /Game/Character/HeroFPP_AnimBlueprint : Can't find file for asset. /Game/Animations/FPP_JumpEnd
[2015.02.11-15.02.03:069][  8]LogLinker:Warning: Can't find file '/Game/Animations/FPP_JumpLoop'
[2015.02.11-15.02.03:069][  8]LogLinker:Warning: Can't find file for asset '/Game/Animations/FPP_JumpLoop' while loading D:/Unreal Experimental Projects/GravityGunFPS/Content/Character/HeroFPP_AnimBlueprint.uasset.
[2015.02.11-15.02.03:069][  8]LoadErrors:Error: Error /Game/Character/HeroFPP_AnimBlueprint : Can't find file for asset. /Game/Animations/FPP_JumpLoop
[2015.02.11-15.02.03:069][  8]LogLinker:Warning: Can't find file '/Game/Animations/FPP_JumpStart'
[2015.02.11-15.02.03:070][  8]LogLinker:Warning: Can't find file for asset '/Game/Animations/FPP_JumpStart' while loading D:/Unreal Experimental Projects/GravityGunFPS/Content/Character/HeroFPP_AnimBlueprint.uasset.
[2015.02.11-15.02.03:070][  8]LoadErrors:Error: Error /Game/Character/HeroFPP_AnimBlueprint : Can't find file for asset. /Game/Animations/FPP_JumpStart
[2015.02.11-15.02.03:070][  8]LogLinker:Warning: Can't find file '/Game/Animations/FPP_Run'
[2015.02.11-15.02.03:070][  8]LogLinker:Warning: Can't find file for asset '/Game/Animations/FPP_Run' while loading D:/Unreal Experimental Projects/GravityGunFPS/Content/Character/HeroFPP_AnimBlueprint.uasset.
[2015.02.11-15.02.03:070][  8]LoadErrors:Error: Error /Game/Character/HeroFPP_AnimBlueprint : Can't find file for asset. /Game/Animations/FPP_Run
[2015.02.11-15.02.03:075][  8]LogLinker:Warning: Can't find file '/Game/Animations/FPP_Idle'
[2015.02.11-15.02.03:075][  8]LogLinker:Warning: Can't find file for asset '/Game/Animations/FPP_Idle' while loading D:/Unreal Experimental Projects/GravityGunFPS/Content/Character/HeroFPP_AnimBlueprint.uasset.
[2015.02.11-15.02.03:075][  8]LogLinker:Warning: Can't find file '/Game/Animations/FPP_JumpEnd'
[2015.02.11-15.02.03:076][  8]LogLinker:Warning: Can't find file for asset '/Game/Animations/FPP_JumpEnd' while loading D:/Unreal Experimental Projects/GravityGunFPS/Content/Character/HeroFPP_AnimBlueprint.uasset.
[2015.02.11-15.02.03:076][  8]LogLinker:Warning: Can't find file '/Game/Animations/FPP_JumpLoop'
[2015.02.11-15.02.03:076][  8]LogLinker:Warning: Can't find file for asset '/Game/Animations/FPP_JumpLoop' while loading D:/Unreal Experimental Projects/GravityGunFPS/Content/Character/HeroFPP_AnimBlueprint.uasset.
[2015.02.11-15.02.03:076][  8]LogLinker:Warning: Can't find file '/Game/Animations/FPP_JumpStart'
[2015.02.11-15.02.03:076][  8]LogLinker:Warning: Can't find file for asset '/Game/Animations/FPP_JumpStart' while loading D:/Unreal Experimental Projects/GravityGunFPS/Content/Character/HeroFPP_AnimBlueprint.uasset.
[2015.02.11-15.02.03:076][  8]LogLinker:Warning: Can't find file '/Game/Animations/FPP_Run'
[2015.02.11-15.02.03:077][  8]LogLinker:Warning: Can't find file for asset '/Game/Animations/FPP_Run' while loading D:/Unreal Experimental Projects/GravityGunFPS/Content/Character/HeroFPP_AnimBlueprint.uasset.
[2015.02.11-15.02.03:083][  8]LogLinker:Warning: Can't find file '/Game/Animations/FPP_Run'
[2015.02.11-15.02.03:083][  8]LoadErrors: Info Failed to load /Game/Animations/FPP_Run.FPP_Run Referenced by HeroFPP_AnimBlueprint_C
[2015.02.11-15.02.03:083][  8]LogLinker:Warning: Can't find file for asset '/Game/Animations/FPP_Run' while loading D:/Unreal Experimental Projects/GravityGunFPS/Content/Blueprints/MyCharacter.uasset.
[2015.02.11-15.02.03:083][  8]LoadErrors:Error: Error /Game/Blueprints/MyCharacter : Can't find file for asset. /Game/Animations/FPP_Run
[2015.02.11-15.02.03:083][  8]LogLinker:Warning: Can't find file '/Game/Animations/FPP_JumpEnd'
[2015.02.11-15.02.03:083][  8]LoadErrors: Info Failed to load /Game/Animations/FPP_JumpEnd.FPP_JumpEnd Referenced by HeroFPP_AnimBlueprint_C
[2015.02.11-15.02.03:084][  8]LogLinker:Warning: Can't find file for asset '/Game/Animations/FPP_JumpEnd' while loading D:/Unreal Experimental Projects/GravityGunFPS/Content/Blueprints/MyCharacter.uasset.
[2015.02.11-15.02.03:084][  8]LoadErrors:Error: Error /Game/Blueprints/MyCharacter : Can't find file for asset. /Game/Animations/FPP_JumpEnd
[2015.02.11-15.02.03:084][  8]LogLinker:Warning: Can't find file '/Game/Animations/FPP_JumpLoop'
[2015.02.11-15.02.03:084][  8]LoadErrors: Info Failed to load /Game/Animations/FPP_JumpLoop.FPP_JumpLoop Referenced by HeroFPP_AnimBlueprint_C
[2015.02.11-15.02.03:084][  8]LogLinker:Warning: Can't find file for asset '/Game/Animations/FPP_JumpLoop' while loading D:/Unreal Experimental Projects/GravityGunFPS/Content/Blueprints/MyCharacter.uasset.
[2015.02.11-15.02.03:084][  8]LoadErrors:Error: Error /Game/Blueprints/MyCharacter : Can't find file for asset. /Game/Animations/FPP_JumpLoop
[2015.02.11-15.02.03:085][  8]LogLinker:Warning: Can't find file '/Game/Animations/FPP_JumpStart'
[2015.02.11-15.02.03:085][  8]LoadErrors: Info Failed to load /Game/Animations/FPP_JumpStart.FPP_JumpStart Referenced by HeroFPP_AnimBlueprint_C
[2015.02.11-15.02.03:085][  8]LogLinker:Warning: Can't find file for asset '/Game/Animations/FPP_JumpStart' while loading D:/Unreal Experimental Projects/GravityGunFPS/Content/Blueprints/MyCharacter.uasset.
[2015.02.11-15.02.03:085][  8]LoadErrors:Error: Error /Game/Blueprints/MyCharacter : Can't find file for asset. /Game/Animations/FPP_JumpStart
[2015.02.11-15.02.03:085][  8]LogLinker:Warning: Can't find file '/Game/Animations/FPP_Idle'
[2015.02.11-15.02.03:085][  8]LoadErrors: Info Failed to load /Game/Animations/FPP_Idle.FPP_Idle Referenced by HeroFPP_AnimBlueprint_C
[2015.02.11-15.02.03:085][  8]LogLinker:Warning: Can't find file for asset '/Game/Animations/FPP_Idle' while loading D:/Unreal Experimental Projects/GravityGunFPS/Content/Blueprints/MyCharacter.uasset.
[2015.02.11-15.02.03:085][  8]LoadErrors:Error: Error /Game/Blueprints/MyCharacter : Can't find file for asset. /Game/Animations/FPP_Idle
[2015.02.11-15.02.03:093][  8]LogLinker:Warning: Can't find file '/Game/Animations/FPP_Idle'
[2015.02.11-15.02.03:093][  8]LoadErrors: Info Failed to load /Game/Animations/FPP_Idle.FPP_Idle Referenced by AnimGraphNode_SequencePlayer_340
[2015.02.11-15.02.03:093][  8]LogLinker:Warning: Can't find file for asset '/Game/Animations/FPP_Idle' while loading D:/Unreal Experimental Projects/GravityGunFPS/Content/Blueprints/MyCharacter.uasset.
[2015.02.11-15.02.03:094][  8]LogLinker:Warning: Can't find file '/Game/Animations/FPP_JumpStart'
[2015.02.11-15.02.03:094][  8]LoadErrors: Info Failed to load /Game/Animations/FPP_JumpStart.FPP_JumpStart Referenced by AnimGraphNode_SequencePlayer_391
[2015.02.11-15.02.03:095][  8]LogLinker:Warning: Can't find file for asset '/Game/Animations/FPP_JumpStart' while loading D:/Unreal Experimental Projects/GravityGunFPS/Content/Blueprints/MyCharacter.uasset.
[2015.02.11-15.02.03:096][  8]LogLinker:Warning: Can't find file '/Game/Animations/FPP_JumpLoop'
[2015.02.11-15.02.03:096][  8]LoadErrors: Info Failed to load /Game/Animations/FPP_JumpLoop.FPP_JumpLoop Referenced by AnimGraphNode_SequencePlayer_418
[2015.02.11-15.02.03:096][  8]LogLinker:Warning: Can't find file for asset '/Game/Animations/FPP_JumpLoop' while loading D:/Unreal Experimental Projects/GravityGunFPS/Content/Blueprints/MyCharacter.uasset.
[2015.02.11-15.02.03:098][  8]LogLinker:Warning: Can't find file '/Game/Animations/FPP_JumpEnd'
[2015.02.11-15.02.03:098][  8]LoadErrors: Info Failed to load /Game/Animations/FPP_JumpEnd.FPP_JumpEnd Referenced by AnimGraphNode_SequencePlayer_445
[2015.02.11-15.02.03:098][  8]LogLinker:Warning: Can't find file for asset '/Game/Animations/FPP_JumpEnd' while loading D:/Unreal Experimental Projects/GravityGunFPS/Content/Blueprints/MyCharacter.uasset.
[2015.02.11-15.02.03:101][  8]LogLinker:Warning: Can't find file '/Game/Animations/FPP_Run'
[2015.02.11-15.02.03:101][  8]LoadErrors: Info Failed to load /Game/Animations/FPP_Run.FPP_Run Referenced by AnimGraphNode_SequencePlayer_113
[2015.02.11-15.02.03:101][  8]LogLinker:Warning: Can't find file for asset '/Game/Animations/FPP_Run' while loading D:/Unreal Experimental Projects/GravityGunFPS/Content/Blueprints/MyCharacter.uasset.
[2015.02.11-15.02.03:138][  8]LogBlueprint:Error: [compiler] Error  Play (None)  references an unknown sequence
[2015.02.11-15.02.03:138][  8]LogBlueprint:Error: [compiler] Error  Play (None)  references an unknown sequence
[2015.02.11-15.02.03:138][  8]LogBlueprint:Error: [compiler] Error  Play (None)  references an unknown sequence
[2015.02.11-15.02.03:139][  8]LogBlueprint:Error: [compiler] Error  Play (None)  references an unknown sequence
[2015.02.11-15.02.03:139][  8]LogBlueprint:Error: [compiler] Error  Play (None)  references an unknown sequence
[2015.02.11-15.02.03:140][  8]LogBlueprint:Error: [compiler] Error ICE: Player node  Play (None)  was not processed prior to handling a transition getter  K2Node_TransitionRuleGetter  that used it
[2015.02.11-15.02.03:141][  8]LogBlueprint:Error: [compiler] Error ICE: Player node  Play (None)  was not processed prior to handling a transition getter  K2Node_TransitionRuleGetter  that used it
[2015.02.11-15.02.03:153][  8]LogBlueprint:Warning: [compiler] Warning [0022.50] Compile of HeroFPP_AnimBlueprint failed. 7 Fatal Issue(s) 0 Warning(s) [in 27 ms]
[2015.02.11-15.02.03:154][  8]LogLinker:Warning: Can't find file '/Game/Animations/FPP_Fire_Montage'
[2015.02.11-15.02.03:154][  8]LogLinker:Warning: Can't find file for asset '/Game/Animations/FPP_Fire_Montage' while loading D:/Unreal Experimental Projects/GravityGunFPS/Content/Blueprints/MyCharacter.uasset.
[2015.02.11-15.02.03:154][  8]LoadErrors:Error: Error /Game/Blueprints/MyCharacter : Can't find file for asset. /Game/Animations/FPP_Fire_Montage
[2015.02.11-15.02.03:155][  8]LogLinker:Warning: Asset 'D:/Unreal Experimental Projects/GravityGunFPS/Content/Blueprints/MyProjectile.uasset' has been saved with empty engine version. The asset will be loaded but may be incompatible.
[2015.02.11-15.02.03:194][  8]LogLinker:Warning: Can't find file '/Game/Animations/FPP_Fire_Montage'
[2015.02.11-15.02.03:194][  8]LogLinker:Warning: Can't find file for asset '/Game/Animations/FPP_Fire_Montage' while loading D:/Unreal Experimental Projects/GravityGunFPS/Content/Blueprints/MyCharacter.uasset.
[2015.02.11-15.02.03:233][  8]LogLinker:Warning: Can't find file '/Game/Animations/FPP_Fire_Montage'
[2015.02.11-15.02.03:233][  8]LoadErrors: Info Failed to load /Game/Animations/FPP_Fire_Montage.FPP_Fire_Montage Referenced by EdGraphPin_4142
[2015.02.11-15.02.03:233][  8]LogLinker:Warning: Can't find file for asset '/Game/Animations/FPP_Fire_Montage' while loading D:/Unreal Experimental Projects/GravityGunFPS/Content/Blueprints/MyGame.uasset.
[2015.02.11-15.02.03:234][  8]LoadErrors:Error: Error /Game/Blueprints/MyGame : Can't find file for asset. /Game/Animations/FPP_Fire_Montage
[2015.02.11-15.02.03:400][  8]BlueprintLog:Warning: Warning Blueprint MyHUD has been migrated and requires re-saving to avoid import errors
[2015.02.11-15.02.03:401][  8]LogWorld: Game class is 'MyGame_C'
[2015.02.11-15.02.03:404][  8]LogAIModule: Creating AISystem for world Example_Map
[2015.02.11-15.02.03:405][  8]LogWorld: Bringing World /Game/Maps/UEDPIE_0_Example_Map.Example_Map up for play (max tick rate 0) at 2015.02.11-20.32.03
[2015.02.11-15.02.03:405][  8]LogWorld: Bringing up level for play took: 0.001352
[2015.02.11-15.02.03:407][  8]PIE: Info Play in editor start time for /Game/Maps/UEDPIE_0_Example_Map 0.873
[2015.02.11-15.02.14:195][258]LogParticles: Destroying 0 GPU particle simulations for FXSystem 0x000000000CF09BC0
[2015.02.11-15.02.15:087][349]LogContentBrowser:Verbose: The content browser source was changed by the sources view to '/Game/Maps'
[2015.02.11-15.02.15:555][399]LogContentBrowser:Verbose: The content browser source was changed by the sources view to '/Game/Character'
[2015.02.11-15.02.16:667][469]LogContentBrowser:Verbose: The content browser source was changed by the sources view to '/Game/Meshes'
[2015.02.11-15.02.17:113][510]LogContentBrowser:Verbose: The content browser source was changed by the sources view to '/Game/Materials'
[2015.02.11-15.02.18:737][670]LogContentBrowser:Verbose: The content browser source was changed by the sources view to '/Game/Maps'
[2015.02.11-15.02.19:597][762]LogContentBrowser:Verbose: The content browser source was changed by the sources view to '/Game/Character'
[2015.02.11-15.02.30:906][503]BlueprintLog: New page: Pre-PIE auto-recompile
[2015.02.11-15.02.30:908][503]LogPlayLevel: [PIE] Compiling Tutorial_BP_MacroLib before PIE...
[2015.02.11-15.02.30:970][503]LogParticles: Destroying 0 GPU particle simulations for FXSystem 0x0000000007B5F240
[2015.02.11-15.02.30:970][503]LogParticles: Destroying 0 GPU particle simulations for FXSystem 0x000000001D0C3CE0
[2015.02.11-15.02.30:970][503]LogParticles: Destroying 0 GPU particle simulations for FXSystem 0x000000001FD499E0
[2015.02.11-15.02.30:972][503]LogPlayLevel: PIE:  Blueprint regeneration took 66 ms (1 blueprints)
[2015.02.11-15.02.38:958][770]BlueprintLog: New page: Compile HeroFPP_AnimBlueprint
[2015.02.11-15.02.38:990][770]LogBlueprint:Error: [compiler] Error  Play (None)  references an unknown sequence
[2015.02.11-15.02.38:990][770]LogBlueprint:Error: [compiler] Error  Play (None)  references an unknown sequence
[2015.02.11-15.02.38:990][770]LogBlueprint:Error: [compiler] Error  Play (None)  references an unknown sequence
[2015.02.11-15.02.38:990][770]LogBlueprint:Error: [compiler] Error  Play (None)  references an unknown sequence
[2015.02.11-15.02.38:991][770]LogBlueprint:Error: [compiler] Error  Play (None)  references an unknown sequence
[2015.02.11-15.02.38:992][770]LogBlueprint:Error: [compiler] Error ICE: Player node  Play (None)  was not processed prior to handling a transition getter  K2Node_TransitionRuleGetter  that used it
[2015.02.11-15.02.38:993][770]LogBlueprint:Error: [compiler] Error ICE: Player node  Play (None)  was not processed prior to handling a transition getter  K2Node_TransitionRuleGetter  that used it
[2015.02.11-15.02.39:257][770]LogBlueprint:Warning: [compiler] Warning [0058.60] Compile of HeroFPP_AnimBlueprint failed. 7 Fatal Issue(s) 0 Warning(s) [in 282 ms]
[2015.02.11-15.02.39:257][770]BlueprintEditorCompileResults:Error: Error  Play (None)  references an unknown sequence
[2015.02.11-15.02.39:257][770]BlueprintEditorCompileResults:Error: Error  Play (None)  references an unknown sequence
[2015.02.11-15.02.39:257][770]BlueprintEditorCompileResults:Error: Error  Play (None)  references an unknown sequence
[2015.02.11-15.02.39:257][770]BlueprintEditorCompileResults:Error: Error  Play (None)  references an unknown sequence
[2015.02.11-15.02.39:257][770]BlueprintEditorCompileResults:Error: Error  Play (None)  references an unknown sequence
[2015.02.11-15.02.39:257][770]BlueprintEditorCompileResults:Error: Error ICE: Player node  Play (None)  was not processed prior to handling a transition getter  K2Node_TransitionRuleGetter  that used it
[2015.02.11-15.02.39:257][770]BlueprintEditorCompileResults:Error: Error ICE: Player node  Play (None)  was not processed prior to handling a transition getter  K2Node_TransitionRuleGetter  that used it
[2015.02.11-15.02.39:257][770]BlueprintEditorCompileResults:Warning: Warning [0058.60] Compile of HeroFPP_AnimBlueprint failed. 7 Fatal Issue(s) 0 Warning(s) [in 282 ms]
[2015.02.11-15.02.55:143][ 32]LogParticles: Destroying 0 GPU particle simulations for FXSystem 0x000000001BBB3D80
[2015.02.11-15.02.55:196][ 32]LogParticles: Destroying 0 GPU particle simulations for FXSystem 0x000000001BBB1300
[2015.02.11-15.02.55:822][ 33]Cmd: QUIT_EDITOR
[2015.02.11-15.02.56:314][ 33]LogExit: Preparing to exit.
[2015.02.11-15.02.57:150][ 33]LogExit: Editor shut down
[2015.02.11-15.02.57:150][ 33]LogExit: Transaction tracking system shut down
[2015.02.11-15.02.57:151][ 33]LogParticles: Destroying 0 GPU particle simulations for FXSystem 0x0000000010DA45E0
[2015.02.11-15.02.57:152][ 33]LogParticles: Destroying 0 GPU particle simulations for FXSystem 0x000000000CFC74C0
[2015.02.11-15.02.57:152][ 33]LogParticles: Destroying 0 GPU particle simulations for FXSystem 0x000000000CFC6F20
[2015.02.11-15.02.57:193][ 33]LogParticles: Destroying 0 GPU particle simulations for FXSystem 0x000000000CFC68E0
[2015.02.11-15.02.57:193][ 33]LogExit: Object subsystem successfully closed.
[2015.02.11-15.02.57:264][ 33]LogModuleManager: Shutting down and abandoning module AndroidDeviceDetection (172)
[2015.02.11-15.02.57:264][ 33]LogModuleManager: Shutting down and abandoning module CrashTracker (171)
[2015.02.11-15.02.57:264][ 33]LogModuleManager: Shutting down and abandoning module SuperSearch (170)
[2015.02.11-15.02.57:264][ 33]LogModuleManager: Shutting down and abandoning module SceneOutliner (169)
[2015.02.11-15.02.57:264][ 33]LogModuleManager: Shutting down and abandoning module EditorWidgets (168)
[2015.02.11-15.02.57:264][ 33]LogModuleManager: Shutting down and abandoning module CollectionManager (167)
[2015.02.11-15.02.57:264][ 33]LogModuleManager: Shutting down and abandoning module StatsViewer (166)
[2015.02.11-15.02.57:264][ 33]LogModuleManager: Shutting down and abandoning module FoliageEdit (165)
[2015.02.11-15.02.57:264][ 33]LogModuleManager: Shutting down and abandoning module LandscapeEditor (164)
[2015.02.11-15.02.57:264][ 33]LogModuleManager: Shutting down and abandoning module MeshPaint (163)
[2015.02.11-15.02.57:264][ 33]LogModuleManager: Shutting down and abandoning module ActorPickerMode (162)
[2015.02.11-15.02.57:264][ 33]LogModuleManager: Shutting down and abandoning module GeometryMode (161)
[2015.02.11-15.02.57:264][ 33]LogModuleManager: Shutting down and abandoning module TextureAlignMode (160)
[2015.02.11-15.02.57:264][ 33]LogModuleManager: Shutting down and abandoning module BspMode (159)
[2015.02.11-15.02.57:264][ 33]LogModuleManager: Shutting down and abandoning module PlacementMode (158)
[2015.02.11-15.02.57:264][ 33]LogModuleManager: Shutting down and abandoning module AutomationWorker (157)
[2015.02.11-15.02.57:264][ 33]LogModuleManager: Shutting down and abandoning module CharacterAI (156)
[2015.02.11-15.02.57:264][ 33]LogModuleManager: Shutting down and abandoning module GameProjectGeneration (155)
[2015.02.11-15.02.57:265][ 33]LogModuleManager: Shutting down and abandoning module IntroTutorials (154)
[2015.02.11-15.02.57:265][ 33]LogModuleManager: Shutting down and abandoning module EditorLiveStreaming (153)
[2015.02.11-15.02.57:265][ 33]LogModuleManager: Shutting down and abandoning module HardwareTargeting (152)
[2015.02.11-15.02.57:265][ 33]LogModuleManager: Shutting down and abandoning module DeviceProfileEditor (151)
[2015.02.11-15.02.57:265][ 33]LogModuleManager: Shutting down and abandoning module UndoHistory (150)
[2015.02.11-15.02.57:265][ 33]LogModuleManager: Shutting down and abandoning module GameplayTagsEditor (149)
[2015.02.11-15.02.57:265][ 33]LogModuleManager: Shutting down and abandoning module UserFeedback (148)
[2015.02.11-15.02.57:265][ 33]LogModuleManager: Shutting down and abandoning module XmlParser (147)
[2015.02.11-15.02.57:265][ 33]LogModuleManager: Shutting down and abandoning module Blutility (146)
[2015.02.11-15.02.57:265][ 33]LogModuleManager: Shutting down and abandoning module IOSPlatformEditor (145)
[2015.02.11-15.02.57:265][ 33]LogModuleManager: Shutting down and abandoning module IOSRuntimeSettings (144)
[2015.02.11-15.02.57:265][ 33]LogModuleManager: Shutting down and abandoning module AndroidPlatformEditor (143)
[2015.02.11-15.02.57:265][ 33]LogModuleManager: Shutting down and abandoning module AndroidRuntimeSettings (142)
[2015.02.11-15.02.57:265][ 33]LogModuleManager: Shutting down and abandoning module ProjectTargetPlatformEditor (141)
[2015.02.11-15.02.57:265][ 33]LogModuleManager: Shutting down and abandoning module ProjectSettingsViewer (140)
[2015.02.11-15.02.57:265][ 33]LogModuleManager: Shutting down and abandoning module InputBindingEditor (139)
[2015.02.11-15.02.57:265][ 33]LogModuleManager: Shutting down and abandoning module EditorSettingsViewer (138)
[2015.02.11-15.02.57:265][ 33]LogModuleManager: Shutting down and abandoning module SettingsEditor (137)
[2015.02.11-15.02.57:265][ 33]LogModuleManager: Shutting down and abandoning module ProjectLauncher (136)
[2015.02.11-15.02.57:265][ 33]LogModuleManager: Shutting down and abandoning module SessionFrontend (135)
[2015.02.11-15.02.57:265][ 33]LogModuleManager: Shutting down and abandoning module ProfilerClient (134)
[2015.02.11-15.02.57:265][ 33]LogModuleManager: Shutting down and abandoning module TargetDeviceServices (133)
[2015.02.11-15.02.57:265][ 33]LogModuleManager: Shutting down and abandoning module DeviceManager (132)
[2015.02.11-15.02.57:265][ 33]LogModuleManager: Shutting down and abandoning module AutomationController (131)
[2015.02.11-15.02.57:265][ 33]LogModuleManager: Shutting down and abandoning module AutomationWindow (130)
[2015.02.11-15.02.57:265][ 33]LogModuleManager: Shutting down and abandoning module Layers (129)
[2015.02.11-15.02.57:265][ 33]LogModuleManager: Shutting down and abandoning module ComponentVisualizers (128)
[2015.02.11-15.02.57:265][ 33]LogModuleManager: Shutting down and abandoning module DetailCustomizations (127)
[2015.02.11-15.02.57:265][ 33]LogModuleManager: Shutting down and abandoning module PackagesDialog (126)
[2015.02.11-15.02.57:265][ 33]LogModuleManager: Shutting down and abandoning module AssetRegistry (125)
[2015.02.11-15.02.57:380][ 33]LogModuleManager: Shutting down and abandoning module Persona (124)
[2015.02.11-15.02.57:380][ 33]LogModuleManager: Shutting down and abandoning module Kismet (123)
[2015.02.11-15.02.57:380][ 33]LogModuleManager: Shutting down and abandoning module GraphEditor (122)
[2015.02.11-15.02.57:380][ 33]LogModuleManager: Shutting down and abandoning module ClassViewer (121)
[2015.02.11-15.02.57:380][ 33]LogModuleManager: Shutting down and abandoning module Toolbox (120)
[2015.02.11-15.02.57:380][ 33]LogModuleManager: Shutting down and abandoning module ModuleUI (119)
[2015.02.11-15.02.57:380][ 33]LogModuleManager: Shutting down and abandoning module MovieSceneTools (118)
[2015.02.11-15.02.57:380][ 33]LogModuleManager: Shutting down and abandoning module OutputLog (117)
[2015.02.11-15.02.57:380][ 33]LogModuleManager: Shutting down and abandoning module GammaUI (116)
[2015.02.11-15.02.57:380][ 33]LogModuleManager: Shutting down and abandoning module Documentation (115)
[2015.02.11-15.02.57:380][ 33]LogModuleManager: Shutting down and abandoning module GameLiveStreaming (114)
[2015.02.11-15.02.57:380][ 33]LogModuleManager: Shutting down and abandoning module StreamingPauseRendering (113)
[2015.02.11-15.02.57:380][ 33]LogModuleManager: Shutting down and abandoning module HTTP (112)
[2015.02.11-15.02.57:380][ 33]LogModuleManager: Shutting down and abandoning module AnalyticsET (111)
[2015.02.11-15.02.57:380][ 33]LogModuleManager: Shutting down and abandoning module Analytics (110)
[2015.02.11-15.02.57:380][ 33]LogModuleManager: Shutting down and abandoning module AITestSuite (109)
[2015.02.11-15.02.57:380][ 33]LogModuleManager: Shutting down and abandoning module AIModule (108)
[2015.02.11-15.02.57:380][ 33]LogModuleManager: Shutting down and abandoning module ProfilerService (107)
[2015.02.11-15.02.57:601][ 33]LogModuleManager: Shutting down and abandoning module TaskGraph (106)
[2015.02.11-15.02.57:601][ 33]LogModuleManager: Shutting down and abandoning module GameplayDebugger (105)
[2015.02.11-15.02.57:601][ 33]LogModuleManager: Shutting down and abandoning module SlateRemote (104)
[2015.02.11-15.02.57:601][ 33]LogModuleManager: Shutting down and abandoning module ScriptEditorPlugin (103)
[2015.02.11-15.02.57:601][ 33]LogModuleManager: Shutting down and abandoning module CustomMeshComponent (102)
[2015.02.11-15.02.57:601][ 33]LogModuleManager: Shutting down and abandoning module CableComponent (101)
[2015.02.11-15.02.57:601][ 33]LogModuleManager: Shutting down and abandoning module MessagingDebugger (100)
[2015.02.11-15.02.57:601][ 33]LogModuleManager: Shutting down and abandoning module MediaPlayerEditor (99)
[2015.02.11-15.02.57:601][ 33]LogModuleManager: Shutting down and abandoning module SpeedTreeImporter (98)
[2015.02.11-15.02.57:601][ 33]LogModuleManager: Shutting down and abandoning module PluginsEditor (97)
[2015.02.11-15.02.57:601][ 33]LogModuleManager: Shutting down and abandoning module EpicSurvey (96)
[2015.02.11-15.02.57:601][ 33]LogModuleManager: Shutting down and abandoning module DesktopPlatform (95)
[2015.02.11-15.02.57:601][ 33]LogModuleManager: Shutting down and abandoning module VisualStudioSourceCodeAccess (94)
[2015.02.11-15.02.57:602][ 33]LogModuleManager: Shutting down and abandoning module UObjectPlugin (93)
[2015.02.11-15.02.57:602][ 33]LogModuleManager: Shutting down and abandoning module SubversionSourceControl (92)
[2015.02.11-15.02.57:602][ 33]LogModuleManager: Shutting down and abandoning module SourceControl (91)
[2015.02.11-15.02.57:602][ 33]LogModuleManager: Shutting down and abandoning module PerforceSourceControl (90)
[2015.02.11-15.02.57:602][ 33]LogModuleManager: Shutting down and abandoning module BlankPlugin (89)
[2015.02.11-15.02.57:602][ 33]LogModuleManager: Shutting down and abandoning module SlateReflector (88)
[2015.02.11-15.02.57:602][ 33]LogModuleManager: Shutting down and abandoning module DirectoryWatcher (87)
[2015.02.11-15.02.57:602][ 33]LogModuleManager: Shutting down and abandoning module HotReload (86)
[2015.02.11-15.02.57:602][ 33]LogModuleManager: Shutting down and abandoning module MainFrame (85)
[2015.02.11-15.02.57:603][ 33]LogModuleManager: Shutting down and abandoning module LevelEditor (84)
[2015.02.11-15.02.57:605][ 33]LogModuleManager: Shutting down and abandoning module ViewportSnapping (83)
[2015.02.11-15.02.57:605][ 33]LogModuleManager: Shutting down and abandoning module SmartSnapping (82)
[2015.02.11-15.02.57:605][ 33]LogModuleManager: Shutting down and abandoning module PaperTiledImporter (81)
[2015.02.11-15.02.57:605][ 33]LogModuleManager: Shutting down and abandoning module PaperJsonImporter (80)
[2015.02.11-15.02.57:605][ 33]LogModuleManager: Shutting down and abandoning module ContentBrowser (79)
[2015.02.11-15.02.57:605][ 33]LogModuleManager: Shutting down and abandoning module Paper2DEditor (78)
[2015.02.11-15.02.57:605][ 33]LogModuleManager: Shutting down and abandoning module ScriptPlugin (77)
[2015.02.11-15.02.57:605][ 33]LogModuleManager: Shutting down and abandoning module UdpMessaging (76)
[2015.02.11-15.02.57:705][ 33]LogModuleManager: Shutting down and abandoning module Paper2D (75)
[2015.02.11-15.02.57:705][ 33]LogModuleManager: Shutting down and abandoning module UE4Game (74)
[2015.02.11-15.02.57:705][ 33]LogModuleManager: Shutting down and abandoning module WindowsMoviePlayer (73)
[2015.02.11-15.02.57:710][ 33]LogModuleManager: Shutting down and abandoning module Media (72)
[2015.02.11-15.02.57:710][ 33]LogModuleManager: Shutting down and abandoning module WmfMedia (71)
[2015.02.11-15.02.57:711][ 33]LogModuleManager: Shutting down and abandoning module OnlineBlueprintSupport (70)
[2015.02.11-15.02.57:711][ 33]LogModuleManager: Shutting down and abandoning module PropertyEditor (69)
[2015.02.11-15.02.57:711][ 33]LogModuleManager: Shutting down and abandoning module BehaviorTreeEditor (68)
[2015.02.11-15.02.57:711][ 33]LogModuleManager: Shutting down and abandoning module FunctionalTesting (67)
[2015.02.11-15.02.57:711][ 33]LogModuleManager: Shutting down and abandoning module CollisionAnalyzer (66)
[2015.02.11-15.02.57:711][ 33]LogModuleManager: Shutting down and abandoning module WorkspaceMenuStructure (65)
[2015.02.11-15.02.57:711][ 33]LogModuleManager: Shutting down and abandoning module MessageLog (64)
[2015.02.11-15.02.57:711][ 33]LogModuleManager: Shutting down and abandoning module Sequencer (63)
[2015.02.11-15.02.57:711][ 33]LogModuleManager: Shutting down and abandoning module AssetTools (62)
[2015.02.11-15.02.57:711][ 33]LogModuleManager: Shutting down and abandoning module UMGEditor (61)
[2015.02.11-15.02.57:711][ 33]LogModuleManager: Shutting down and abandoning module UMG (60)
[2015.02.11-15.02.57:711][ 33]LogModuleManager: Shutting down and abandoning module Slate (59)
[2015.02.11-15.02.57:711][ 33]LogModuleManager: Shutting down and abandoning module EditorStyle (58)
[2015.02.11-15.02.57:726][ 33]LogModuleManager: Shutting down and abandoning module SessionServices (57)
[2015.02.11-15.02.57:727][ 33]LogModuleManager: Shutting down and abandoning module SourceCodeAccess (56)
[2015.02.11-15.02.57:727][ 33]LogModuleManager: Shutting down and abandoning module HeadMountedDisplay (55)
[2015.02.11-15.02.57:727][ 33]LogModuleManager: Shutting down and abandoning module XAudio2 (54)
[2015.02.11-15.02.57:727][ 33]LogModuleManager: Shutting down and abandoning module Networking (52)
[2015.02.11-15.02.57:727][ 33]LogModuleManager: Shutting down and abandoning module Core (51)
[2015.02.11-15.02.57:727][ 33]LogModuleManager: Shutting down and abandoning module KismetCompiler (50)
[2015.02.11-15.02.57:727][ 33]LogModuleManager: Shutting down and abandoning module PhysXFormats (49)
[2015.02.11-15.02.57:727][ 33]LogModuleManager: Shutting down and abandoning module MeshUtilities (48)
[2015.02.11-15.02.57:727][ 33]LogModuleManager: Shutting down and abandoning module DerivedDataCache (47)
[2015.02.11-15.02.57:935][ 33]LogDerivedDataCache: Shutdown
[2015.02.11-15.02.57:935][ 33]LogModuleManager: Shutting down and abandoning module ShaderFormatOpenGL (46)
[2015.02.11-15.02.57:935][ 33]LogModuleManager: Shutting down and abandoning module ShaderFormatD3D (45)
[2015.02.11-15.02.57:935][ 33]LogModuleManager: Shutting down and abandoning module MetalShaderFormat (44)
[2015.02.11-15.02.57:935][ 33]LogModuleManager: Shutting down and abandoning module TextureFormatUncompressed (43)
[2015.02.11-15.02.57:935][ 33]LogModuleManager: Shutting down and abandoning module TextureFormatPVR (42)
[2015.02.11-15.02.57:935][ 33]LogModuleManager: Shutting down and abandoning module TextureFormatDXT (41)
[2015.02.11-15.02.57:935][ 33]LogModuleManager: Shutting down and abandoning module TextureFormatAndroid (40)
[2015.02.11-15.02.57:935][ 33]LogModuleManager: Shutting down and abandoning module AudioFormatOpus (39)
[2015.02.11-15.02.57:935][ 33]LogModuleManager: Shutting down and abandoning module AudioFormatOgg (38)
[2015.02.11-15.02.57:935][ 33]LogModuleManager: Shutting down and abandoning module AudioFormatADPCM (37)
[2015.02.11-15.02.57:935][ 33]LogModuleManager: Shutting down and abandoning module LinuxTargetPlatform (36)
[2015.02.11-15.02.57:935][ 33]LogModuleManager: Shutting down and abandoning module LinuxServerTargetPlatform (35)
[2015.02.11-15.02.57:935][ 33]LogModuleManager: Shutting down and abandoning module LinuxNoEditorTargetPlatform (34)
[2015.02.11-15.02.57:935][ 33]LogModuleManager: Shutting down and abandoning module Messaging (33)
[2015.02.11-15.02.57:935][ 33]LogModuleManager: Shutting down and abandoning module IOSTargetPlatform (32)
[2015.02.11-15.02.57:935][ 33]LogModuleManager: Shutting down and abandoning module Android_PVRTCTargetPlatform (31)
[2015.02.11-15.02.57:935][ 33]LogModuleManager: Shutting down and abandoning module Android_ETC2TargetPlatform (30)
[2015.02.11-15.02.57:935][ 33]LogModuleManager: Shutting down and abandoning module Android_ETC1TargetPlatform (29)
[2015.02.11-15.02.57:935][ 33]LogModuleManager: Shutting down and abandoning module Android_DXTTargetPlatform (28)
[2015.02.11-15.02.57:935][ 33]LogModuleManager: Shutting down and abandoning module Android_ATCTargetPlatform (27)
[2015.02.11-15.02.57:935][ 33]LogModuleManager: Shutting down and abandoning module AndroidTargetPlatform (26)
[2015.02.11-15.02.57:935][ 33]LogModuleManager: Shutting down and abandoning module WindowsTargetPlatform (25)
[2015.02.11-15.02.57:935][ 33]LogModuleManager: Shutting down and abandoning module WindowsServerTargetPlatform (24)
[2015.02.11-15.02.57:935][ 33]LogModuleManager: Shutting down and abandoning module WindowsNoEditorTargetPlatform (23)
[2015.02.11-15.02.57:935][ 33]LogModuleManager: Shutting down and abandoning module WindowsClientTargetPlatform (22)
[2015.02.11-15.02.57:935][ 33]LogModuleManager: Shutting down and abandoning module TargetPlatform (21)
[2015.02.11-15.02.57:935][ 33]LogModuleManager: Shutting down and abandoning module InputCore (20)
[2015.02.11-15.02.57:935][ 33]LogModuleManager: Shutting down and abandoning module Settings (19)
[2015.02.11-15.02.57:935][ 33]LogModuleManager: Shutting down and abandoning module ImageWrapper (18)
[2015.02.11-15.02.57:935][ 33]LogModuleManager: Shutting down and abandoning module OculusRift (15)
[2015.02.11-15.02.57:935][ 33]LogModuleManager: Shutting down and abandoning module ExampleDeviceProfileSelector (14)
[2015.02.11-15.02.57:935][ 33]LogModuleManager: Shutting down and abandoning module TextureCompressor (13)
[2015.02.11-15.02.57:935][ 33]LogModuleManager: Shutting down and abandoning module ShaderCore (12)
[2015.02.11-15.02.57:936][ 33]LogModuleManager: Shutting down and abandoning module Landscape (11)
[2015.02.11-15.02.57:936][ 33]LogModuleManager: Shutting down and abandoning module SlateRHIRenderer (10)
[2015.02.11-15.02.57:937][ 33]LogModuleManager: Shutting down and abandoning module OpenGLDrv (9)
[2015.02.11-15.02.57:937][ 33]LogModuleManager: Shutting down and abandoning module D3D11RHI (8)
[2015.02.11-15.02.57:937][ 33]LogModuleManager: Shutting down and abandoning module Renderer (7)
[2015.02.11-15.02.57:937][ 33]LogModuleManager: Shutting down and abandoning module Engine (6)
[2015.02.11-15.02.57:937][ 33]LogModuleManager: Shutting down and abandoning module CoreUObject (5)
[2015.02.11-15.02.57:937][ 33]LogModuleManager: Shutting down and abandoning module NetworkFile (4)
[2015.02.11-15.02.57:937][ 33]LogModuleManager: Shutting down and abandoning module StreamingFile (3)
[2015.02.11-15.02.57:937][ 33]LogModuleManager: Shutting down and abandoning module SandboxFile (2)
[2015.02.11-15.02.57:937][ 33]LogModuleManager: Shutting down and abandoning module PakFile (1)
[2015.02.11-15.02.57:938][ 33]LogExit: Exiting.
[2015.02.11-15.02.57:947][ 33]Log file closed, 02/11/15 20:32:57
