Log file open, 02/11/15 20:30:06
LogInit:Display: Running engine for game: GravityGunExp
LogInit: Version: 4.6.1-2386410+++depot+UE4-Releases+4.6
LogInit: API Version: 2369412
LogInit: Compiled (64-bit): Dec 11 2014 21:31:39
LogInit: Compiled with Visual C++: 18.00.21005.01
LogInit: Build Configuration: Development
LogInit: Branch Name: ++depot+UE4-Releases+4.6
LogInit: Command line:  
LogInit: Base directory: C:/Program Files/Epic Games/4.6/Engine/Binaries/Win64/
LogInit: Rocket: 1
[2015.02.11-15.00.06:613][  0]LogTaskGraph: Started task graph with 3 named threads and 6 total threads.
[2015.02.11-15.00.06:688][  0]LogOnline:Warning: No default platform service specified for OnlineSubsystem
[2015.02.11-15.00.06:728][  0]LogInit: Presizing for 0 objects not considered by GC, pre-allocating 0 bytes.
[2015.02.11-15.00.06:741][  0]LogInit: Object subsystem initialized
[2015.02.11-15.00.06:744][  0]LogConsoleResponse:Warning: Skipping Unknown console variable: 'UIScaleRule = ShortestSide'
[2015.02.11-15.00.06:744][  0]LogConsoleResponse:Warning:   Found in ini file 'D:/Unreal Experimental Projects/GravityGunFPS/Saved/Config/Windows/Engine.ini', in section '[/Script/Engine.RendererSettings]'
[2015.02.11-15.00.06:744][  0]LogConsoleResponse:Warning: Skipping Unknown console variable: 'UIScaleCurve = (EditorCurveData=(Keys=),ExternalCurve=None)'
[2015.02.11-15.00.06:744][  0]LogConsoleResponse:Warning:   Found in ini file 'D:/Unreal Experimental Projects/GravityGunFPS/Saved/Config/Windows/Engine.ini', in section '[/Script/Engine.RendererSettings]'
[2015.02.11-15.00.06:747][  0]LogConsoleManager:Warning: Console variable 'r.MSAA.CompositingSampleCount' wasn't set (Priority ProjectSetting < Scalability)
[2015.02.11-15.00.06:747][  0]LogInit: Selected Device Profile: [Windows]
[2015.02.11-15.00.06:747][  0]LogInit: Applying CVar settings loaded from the selected device profile: [Windows]
[2015.02.11-15.00.06:752][  0]LogInit: Computer: PROTEUS_CORE
[2015.02.11-15.00.06:752][  0]LogInit: User: Rohit
[2015.02.11-15.00.06:752][  0]LogInit: CPU Page size=4096, Cores=4
[2015.02.11-15.00.06:752][  0]LogInit: High frequency timer resolution =3.027412 MHz
[2015.02.11-15.00.06:752][  0]LogMemory: Memory total: Physical=7.9GB (8GB approx) Virtual=8192.0GB
[2015.02.11-15.00.06:753][  0]LogMemory: Platform Memory Stats for Windows
[2015.02.11-15.00.06:753][  0]LogMemory: Process Physical Memory: 47.13 MB used, 47.13 MB peak
[2015.02.11-15.00.06:753][  0]LogMemory: Process Virtual Memory: 23.12 MB used, 25.43 MB peak
[2015.02.11-15.00.06:753][  0]LogMemory: Physical Memory: 2860.65 MB used, 8136.00 MB total
[2015.02.11-15.00.06:753][  0]LogMemory: Virtual Memory: 263.91 MB used, 8388608.00 MB total
[2015.02.11-15.00.06:785][  0]LogD3D11RHI: Found D3D11 adapter 0: NVIDIA GeForce GTX 660   (Feature Level 11_0)
[2015.02.11-15.00.06:785][  0]LogD3D11RHI: Adapter has 1989MB of dedicated video memory, 0MB of dedicated system memory, and 2048MB of shared system memory, 1 output[s]
[2015.02.11-15.00.06:785][  0]LogD3D11RHI: Chosen D3D11 Adapter Id = 0
[2015.02.11-15.00.06:790][  0]LogRHI: Texture pool is 1361 MB (70% of 1945 MB)
[2015.02.11-15.00.06:796][  0]LogD3D11RHI: Async texture creation enabled
[2015.02.11-15.00.06:892][  0]LogTextLocalizationManager: The requested culture ('en_US') has no localization data; parent culture's ('en') localization data will be used.
[2015.02.11-15.00.07:056][  0]LogContentStreaming: Texture pool size is 0.000000MB
[2015.02.11-15.00.14:882][  0]LogTargetPlatformManager:Display: Building Assets For Windows
[2015.02.11-15.00.15:836][  0]LogTargetPlatformManager:Display: Building Assets For Windows
[2015.02.11-15.00.15:907][  0]LogDerivedDataCache:Display: Max Cache Size: 512 MB
[2015.02.11-15.00.15:941][  0]LogDerivedDataCache: Loaded boot cache 0.03s 39MB C:/Users/Rohit/AppData/Local/UnrealEngine/4.6/DerivedDataCache/Boot.ddc.
[2015.02.11-15.00.15:941][  0]LogDerivedDataCache:Display: Loaded Boot cache: C:/Users/Rohit/AppData/Local/UnrealEngine/4.6/DerivedDataCache/Boot.ddc
[2015.02.11-15.00.15:941][  0]LogDerivedDataCache: FDerivedDataBackendGraph:  Pak pak cache file D:/Unreal Experimental Projects/GravityGunFPS/DerivedDataCache/DDC.ddp not found, will not use a pak cache.
[2015.02.11-15.00.15:941][  0]LogDerivedDataCache: Unable to find inner node Pak for hierarchical cache Hierarchy.
[2015.02.11-15.00.16:037][  0]LogDerivedDataCache:Display: Pak cache opened for reading ../../../Engine/DerivedDataCache/DDC.ddp.
[2015.02.11-15.00.16:049][  0]LogDerivedDataCache: Using Local data cache path C:/Users/Rohit/AppData/Local/UnrealEngine/Common/DerivedDataCache: Writable
[2015.02.11-15.00.16:187][  0]LogCollisionProfile:Warning: Profile (UI) - Custom Channel Name = 'Weapon' hasn't been found
[2015.02.11-15.00.16:342][  0]LogMeshUtilities: No automatic mesh reduction module available
[2015.02.11-15.00.16:342][  0]LogMeshUtilities: No automatic mesh merging module available
[2015.02.11-15.00.16:770][  0]LogInit: WinSock: version 1.1 (2.2), MaxSocks=32767, MaxUdp=65467
[2015.02.11-15.00.16:854][  0]LogSlate:Warning: Failed to load font data from '../../../Engine/Content/Slate/Fonts/Roboto-Italic.ttf'
[2015.02.11-15.00.18:099][  0]UdpMessaging: Initializing bridge on interface 0.0.0.0:0 to multicast group 230.0.0.1:6666.
[2015.02.11-15.00.18:326][  0]LogDirectoryWatcher:Warning: Failed to begin reading directory changes for D:/Unreal Experimental Projects/GravityGunFPS/Binaries/Win64. Error: 0
[2015.02.11-15.00.18:499][  0]SourceControl: Info Source control is disabled
[2015.02.11-15.00.18:500][  0]SourceControl: Info Source control is disabled
[2015.02.11-15.00.18:510][  0]SourceControl: Info Source control is disabled
[2015.02.11-15.00.18:687][  0]LogObj: 23754 objects as part of root set at end of initial load.
[2015.02.11-15.00.18:687][  0]LogUObjectAllocator: 5168136 out of 0 bytes used by permanent object pool.
[2015.02.11-15.00.18:748][  0]LogEngine: Initializing Engine...
[2015.02.11-15.00.18:901][  0]LogInit: XAudio2 using 'Speakers (Realtek High Definition Audio)' : 2 channels at 48 kHz using 32 bits per sample (channel mask 0x3)
[2015.02.11-15.00.18:938][  0]LogInit: FAudioDevice initialized.
[2015.02.11-15.00.18:966][  0]LogAIModule: Creating AISystem for world NewWorld
[2015.02.11-15.00.18:988][  0]LogDerivedDataCache: Saved boot cache 0.02s 39MB C:/Users/Rohit/AppData/Local/UnrealEngine/4.6/DerivedDataCache/Boot.ddc.
[2015.02.11-15.00.18:990][  0]LogInit: Texture streaming: Enabled
[2015.02.11-15.00.19:030][  0]LogAnalytics: Creating configured Analytics provider AnalyticsET
[2015.02.11-15.00.19:030][  0]LogAnalytics: ET APIKey = Rocket.Release. APIServer = http://et2.epicgames.com/ET2/. AppVersion = 4.6.1-2386410+++depot+UE4-Releases+4.6
[2015.02.11-15.00.19:030][  0]LogAnalytics: SetUserId 846f9e962d3c9a8a374d7b351a24739f
[2015.02.11-15.00.19:030][  0]LogAnalytics: AnalyticsET::StartSession [Rocket.Release]
[2015.02.11-15.00.19:086][  0]LogInit: Transaction tracking system initialized
[2015.02.11-15.00.19:225][  0]BlueprintLog: New page: Editor Load
[2015.02.11-15.00.19:262][  0]LogAssetRegistry: FAssetRegistry took 0.0095 seconds to start up
[2015.02.11-15.00.19:262][  0]LogDirectoryWatcher:Warning: Failed to begin reading directory changes for ../../../Engine/Plugins/Experimental/CharacterAI/Content/. Error: 0
[2015.02.11-15.00.20:259][  0]LogTargetPlatformManager:Display: Building Assets For Windows
[2015.02.11-15.00.21:102][  0]LogTargetPlatformManager:Display: Building Assets For Windows
[2015.02.11-15.00.21:356][  0]LogConsoleResponse:Display: 
[2015.02.11-15.00.21:405][  0]LogLinker:Warning: Asset '../../../Engine/Content/Functions/Engine_MaterialFunctions03/Procedurals/ComputeFilterWidth.uasset' has been saved with empty engine version. The asset will be loaded but may be incompatible.
[2015.02.11-15.00.21:652][  0]SourceControl: Info Source control is disabled
[2015.02.11-15.00.21:652][  0]Cmd: MAP LOAD FILE="D:/Unreal Experimental Projects/GravityGunFPS/Content/Maps/Example_Map.umap" TEMPLATE=0 SHOWPROGRESS=1
[2015.02.11-15.00.21:653][  0]LightingResults: New page: Lighting Build
[2015.02.11-15.00.21:666][  0]MapCheck: New page: Map Check
[2015.02.11-15.00.21:666][  0]LightingResults: New page: Lighting Build
[2015.02.11-15.00.21:672][  0]LogParticles: Destroying 0 GPU particle simulations for FXSystem 0x0000000013812AC0
[2015.02.11-15.00.21:996][  0]LogEditorServer: Finished looking for orphan Actors (0.000 secs)
[2015.02.11-15.00.21:996][  0]LogAIModule: Creating AISystem for world Example_Map
[2015.02.11-15.00.21:996][  0]Cmd: MAP CHECKDEP
[2015.02.11-15.00.21:996][  0]MapCheck: New page: Example_Map - Feb 12, 2015, 2:00:21 AM
[2015.02.11-15.00.22:150][  0]MapCheck: Info Map check complete: 0 Error(s), 0 Warning(s), took 153.737ms to complete.
[2015.02.11-15.00.22:150][  0]LogFileHelpers: Loading map 'Example_Map' took 0.498
[2015.02.11-15.00.22:259][  0]LogCollectionManager: Loaded 0 collections in 0.001168 seconds
[2015.02.11-15.00.22:364][  0]LogCrashTracker: Crashtracker disabled due to settings.
[2015.02.11-15.00.22:369][  0]LogUObjectGlobals:Warning: Failed to find object 'Class None.'
[2015.02.11-15.00.22:404][  0]LogLoad: Full Startup: 18.00 seconds (BP compile: 0.04 seconds)
[2015.02.11-15.00.22:925][  0]LogRenderer:Warning: Reallocating scene render targets to support 1136x904.
[2015.02.11-15.00.24:088][  4]LogAssetRegistry: Asset discovery search completed in 4.8359 seconds
[2015.02.11-15.00.26:743][ 12]LogEditorViewport: Clicking on Actor (LMB): BP_Sky_Sphere_C (SkySphereBlueprint)
[2015.02.11-15.00.27:673][ 87]LogContentBrowser:Verbose: The content browser source was changed by the sources view to '/Game/Textures'
[2015.02.11-15.00.49:321][562]LogContentBrowser:Verbose: The content browser source was changed by the sources view to '/Game/StarterContent/Textures'
[2015.02.11-15.00.50:053][641]LogContentBrowser:Verbose: The content browser source was changed by the sources view to '/Game/StarterContent/Particles'
[2015.02.11-15.00.51:592][808]LogContentBrowser:Verbose: The content browser source was changed by the sources view to '/Game/StarterContent/Particles/Materials'
[2015.02.11-15.00.52:483][904]LogContentBrowser:Verbose: The content browser source was changed by the sources view to '/Game/StarterContent/Materials'
[2015.02.11-15.00.53:847][ 48]LogContentBrowser:Verbose: The content browser source was changed by the sources view to '/Game/StarterContent/Audio'
[2015.02.11-15.00.55:115][130]LogContentBrowser:Verbose: The content browser source was changed by the sources view to '/Game/StarterContent/Architecture'
[2015.02.11-15.01.05:144][369]LogContentBrowser:Verbose: The content browser source was changed by the sources view to '/Game/Animations'
[2015.02.11-15.01.08:093][657]LogContentBrowser:Verbose: The content browser source was changed by the sources view to '/Game/StarterContent/Architecture'
[2015.02.11-15.01.29:958][911]Cmd: QUIT_EDITOR
[2015.02.11-15.01.30:433][911]LogExit: Preparing to exit.
[2015.02.11-15.01.31:273][911]LogExit: Editor shut down
[2015.02.11-15.01.31:273][911]LogExit: Transaction tracking system shut down
[2015.02.11-15.01.31:274][911]LogParticles: Destroying 0 GPU particle simulations for FXSystem 0x00000000109445E0
[2015.02.11-15.01.31:296][911]LogExit: Object subsystem successfully closed.
[2015.02.11-15.01.31:381][911]LogModuleManager: Shutting down and abandoning module AndroidDeviceDetection (172)
[2015.02.11-15.01.31:381][911]LogModuleManager: Shutting down and abandoning module CrashTracker (171)
[2015.02.11-15.01.31:381][911]LogModuleManager: Shutting down and abandoning module SuperSearch (170)
[2015.02.11-15.01.31:381][911]LogModuleManager: Shutting down and abandoning module SceneOutliner (169)
[2015.02.11-15.01.31:381][911]LogModuleManager: Shutting down and abandoning module EditorWidgets (168)
[2015.02.11-15.01.31:381][911]LogModuleManager: Shutting down and abandoning module CollectionManager (167)
[2015.02.11-15.01.31:381][911]LogModuleManager: Shutting down and abandoning module StatsViewer (166)
[2015.02.11-15.01.31:381][911]LogModuleManager: Shutting down and abandoning module FoliageEdit (165)
[2015.02.11-15.01.31:381][911]LogModuleManager: Shutting down and abandoning module LandscapeEditor (164)
[2015.02.11-15.01.31:381][911]LogModuleManager: Shutting down and abandoning module MeshPaint (163)
[2015.02.11-15.01.31:381][911]LogModuleManager: Shutting down and abandoning module ActorPickerMode (162)
[2015.02.11-15.01.31:381][911]LogModuleManager: Shutting down and abandoning module GeometryMode (161)
[2015.02.11-15.01.31:381][911]LogModuleManager: Shutting down and abandoning module TextureAlignMode (160)
[2015.02.11-15.01.31:381][911]LogModuleManager: Shutting down and abandoning module BspMode (159)
[2015.02.11-15.01.31:381][911]LogModuleManager: Shutting down and abandoning module PlacementMode (158)
[2015.02.11-15.01.31:381][911]LogModuleManager: Shutting down and abandoning module AutomationWorker (157)
[2015.02.11-15.01.31:381][911]LogModuleManager: Shutting down and abandoning module CharacterAI (156)
[2015.02.11-15.01.31:381][911]LogModuleManager: Shutting down and abandoning module GameProjectGeneration (155)
[2015.02.11-15.01.31:381][911]LogModuleManager: Shutting down and abandoning module IntroTutorials (154)
[2015.02.11-15.01.31:381][911]LogModuleManager: Shutting down and abandoning module EditorLiveStreaming (153)
[2015.02.11-15.01.31:381][911]LogModuleManager: Shutting down and abandoning module HardwareTargeting (152)
[2015.02.11-15.01.31:381][911]LogModuleManager: Shutting down and abandoning module DeviceProfileEditor (151)
[2015.02.11-15.01.31:381][911]LogModuleManager: Shutting down and abandoning module UndoHistory (150)
[2015.02.11-15.01.31:381][911]LogModuleManager: Shutting down and abandoning module GameplayTagsEditor (149)
[2015.02.11-15.01.31:381][911]LogModuleManager: Shutting down and abandoning module UserFeedback (148)
[2015.02.11-15.01.31:381][911]LogModuleManager: Shutting down and abandoning module XmlParser (147)
[2015.02.11-15.01.31:381][911]LogModuleManager: Shutting down and abandoning module Blutility (146)
[2015.02.11-15.01.31:381][911]LogModuleManager: Shutting down and abandoning module IOSPlatformEditor (145)
[2015.02.11-15.01.31:381][911]LogModuleManager: Shutting down and abandoning module IOSRuntimeSettings (144)
[2015.02.11-15.01.31:381][911]LogModuleManager: Shutting down and abandoning module AndroidPlatformEditor (143)
[2015.02.11-15.01.31:381][911]LogModuleManager: Shutting down and abandoning module AndroidRuntimeSettings (142)
[2015.02.11-15.01.31:381][911]LogModuleManager: Shutting down and abandoning module ProjectTargetPlatformEditor (141)
[2015.02.11-15.01.31:381][911]LogModuleManager: Shutting down and abandoning module ProjectSettingsViewer (140)
[2015.02.11-15.01.31:381][911]LogModuleManager: Shutting down and abandoning module InputBindingEditor (139)
[2015.02.11-15.01.31:381][911]LogModuleManager: Shutting down and abandoning module EditorSettingsViewer (138)
[2015.02.11-15.01.31:381][911]LogModuleManager: Shutting down and abandoning module SettingsEditor (137)
[2015.02.11-15.01.31:381][911]LogModuleManager: Shutting down and abandoning module ProjectLauncher (136)
[2015.02.11-15.01.31:381][911]LogModuleManager: Shutting down and abandoning module SessionFrontend (135)
[2015.02.11-15.01.31:381][911]LogModuleManager: Shutting down and abandoning module ProfilerClient (134)
[2015.02.11-15.01.31:381][911]LogModuleManager: Shutting down and abandoning module TargetDeviceServices (133)
[2015.02.11-15.01.31:381][911]LogModuleManager: Shutting down and abandoning module DeviceManager (132)
[2015.02.11-15.01.31:382][911]LogModuleManager: Shutting down and abandoning module AutomationController (131)
[2015.02.11-15.01.31:382][911]LogModuleManager: Shutting down and abandoning module AutomationWindow (130)
[2015.02.11-15.01.31:382][911]LogModuleManager: Shutting down and abandoning module Layers (129)
[2015.02.11-15.01.31:382][911]LogModuleManager: Shutting down and abandoning module ComponentVisualizers (128)
[2015.02.11-15.01.31:382][911]LogModuleManager: Shutting down and abandoning module DetailCustomizations (127)
[2015.02.11-15.01.31:382][911]LogModuleManager: Shutting down and abandoning module PackagesDialog (126)
[2015.02.11-15.01.31:382][911]LogModuleManager: Shutting down and abandoning module AssetRegistry (125)
[2015.02.11-15.01.31:421][911]LogModuleManager: Shutting down and abandoning module Persona (124)
[2015.02.11-15.01.31:421][911]LogModuleManager: Shutting down and abandoning module Kismet (123)
[2015.02.11-15.01.31:421][911]LogModuleManager: Shutting down and abandoning module GraphEditor (122)
[2015.02.11-15.01.31:421][911]LogModuleManager: Shutting down and abandoning module ClassViewer (121)
[2015.02.11-15.01.31:421][911]LogModuleManager: Shutting down and abandoning module Toolbox (120)
[2015.02.11-15.01.31:421][911]LogModuleManager: Shutting down and abandoning module ModuleUI (119)
[2015.02.11-15.01.31:421][911]LogModuleManager: Shutting down and abandoning module MovieSceneTools (118)
[2015.02.11-15.01.31:421][911]LogModuleManager: Shutting down and abandoning module OutputLog (117)
[2015.02.11-15.01.31:421][911]LogModuleManager: Shutting down and abandoning module GammaUI (116)
[2015.02.11-15.01.31:421][911]LogModuleManager: Shutting down and abandoning module Documentation (115)
[2015.02.11-15.01.31:421][911]LogModuleManager: Shutting down and abandoning module GameLiveStreaming (114)
[2015.02.11-15.01.31:421][911]LogModuleManager: Shutting down and abandoning module StreamingPauseRendering (113)
[2015.02.11-15.01.31:421][911]LogModuleManager: Shutting down and abandoning module HTTP (112)
[2015.02.11-15.01.31:421][911]LogModuleManager: Shutting down and abandoning module AnalyticsET (111)
[2015.02.11-15.01.31:421][911]LogModuleManager: Shutting down and abandoning module Analytics (110)
[2015.02.11-15.01.31:421][911]LogModuleManager: Shutting down and abandoning module AITestSuite (109)
[2015.02.11-15.01.31:421][911]LogModuleManager: Shutting down and abandoning module AIModule (108)
[2015.02.11-15.01.31:421][911]LogModuleManager: Shutting down and abandoning module ProfilerService (107)
[2015.02.11-15.01.31:470][911]LogModuleManager: Shutting down and abandoning module TaskGraph (106)
[2015.02.11-15.01.31:470][911]LogModuleManager: Shutting down and abandoning module GameplayDebugger (105)
[2015.02.11-15.01.31:470][911]LogModuleManager: Shutting down and abandoning module SlateRemote (104)
[2015.02.11-15.01.31:470][911]LogModuleManager: Shutting down and abandoning module ScriptEditorPlugin (103)
[2015.02.11-15.01.31:470][911]LogModuleManager: Shutting down and abandoning module CustomMeshComponent (102)
[2015.02.11-15.01.31:470][911]LogModuleManager: Shutting down and abandoning module CableComponent (101)
[2015.02.11-15.01.31:470][911]LogModuleManager: Shutting down and abandoning module MessagingDebugger (100)
[2015.02.11-15.01.31:470][911]LogModuleManager: Shutting down and abandoning module MediaPlayerEditor (99)
[2015.02.11-15.01.31:470][911]LogModuleManager: Shutting down and abandoning module SpeedTreeImporter (98)
[2015.02.11-15.01.31:470][911]LogModuleManager: Shutting down and abandoning module PluginsEditor (97)
[2015.02.11-15.01.31:470][911]LogModuleManager: Shutting down and abandoning module EpicSurvey (96)
[2015.02.11-15.01.31:471][911]LogModuleManager: Shutting down and abandoning module DesktopPlatform (95)
[2015.02.11-15.01.31:471][911]LogModuleManager: Shutting down and abandoning module VisualStudioSourceCodeAccess (94)
[2015.02.11-15.01.31:471][911]LogModuleManager: Shutting down and abandoning module UObjectPlugin (93)
[2015.02.11-15.01.31:471][911]LogModuleManager: Shutting down and abandoning module SubversionSourceControl (92)
[2015.02.11-15.01.31:471][911]LogModuleManager: Shutting down and abandoning module SourceControl (91)
[2015.02.11-15.01.31:471][911]LogModuleManager: Shutting down and abandoning module PerforceSourceControl (90)
[2015.02.11-15.01.31:471][911]LogModuleManager: Shutting down and abandoning module BlankPlugin (89)
[2015.02.11-15.01.31:471][911]LogModuleManager: Shutting down and abandoning module SlateReflector (88)
[2015.02.11-15.01.31:471][911]LogModuleManager: Shutting down and abandoning module DirectoryWatcher (87)
[2015.02.11-15.01.31:472][911]LogModuleManager: Shutting down and abandoning module HotReload (86)
[2015.02.11-15.01.31:472][911]LogModuleManager: Shutting down and abandoning module MainFrame (85)
[2015.02.11-15.01.31:472][911]LogModuleManager: Shutting down and abandoning module LevelEditor (84)
[2015.02.11-15.01.31:474][911]LogModuleManager: Shutting down and abandoning module ViewportSnapping (83)
[2015.02.11-15.01.31:474][911]LogModuleManager: Shutting down and abandoning module SmartSnapping (82)
[2015.02.11-15.01.31:475][911]LogModuleManager: Shutting down and abandoning module PaperTiledImporter (81)
[2015.02.11-15.01.31:475][911]LogModuleManager: Shutting down and abandoning module PaperJsonImporter (80)
[2015.02.11-15.01.31:475][911]LogModuleManager: Shutting down and abandoning module ContentBrowser (79)
[2015.02.11-15.01.31:475][911]LogModuleManager: Shutting down and abandoning module Paper2DEditor (78)
[2015.02.11-15.01.31:475][911]LogModuleManager: Shutting down and abandoning module ScriptPlugin (77)
[2015.02.11-15.01.31:475][911]LogModuleManager: Shutting down and abandoning module UdpMessaging (76)
[2015.02.11-15.01.31:575][911]LogModuleManager: Shutting down and abandoning module Paper2D (75)
[2015.02.11-15.01.31:575][911]LogModuleManager: Shutting down and abandoning module UE4Game (74)
[2015.02.11-15.01.31:575][911]LogModuleManager: Shutting down and abandoning module WindowsMoviePlayer (73)
[2015.02.11-15.01.31:581][911]LogModuleManager: Shutting down and abandoning module Media (72)
[2015.02.11-15.01.31:581][911]LogModuleManager: Shutting down and abandoning module WmfMedia (71)
[2015.02.11-15.01.31:581][911]LogModuleManager: Shutting down and abandoning module OnlineBlueprintSupport (70)
[2015.02.11-15.01.31:581][911]LogModuleManager: Shutting down and abandoning module PropertyEditor (69)
[2015.02.11-15.01.31:581][911]LogModuleManager: Shutting down and abandoning module BehaviorTreeEditor (68)
[2015.02.11-15.01.31:581][911]LogModuleManager: Shutting down and abandoning module FunctionalTesting (67)
[2015.02.11-15.01.31:581][911]LogModuleManager: Shutting down and abandoning module CollisionAnalyzer (66)
[2015.02.11-15.01.31:582][911]LogModuleManager: Shutting down and abandoning module WorkspaceMenuStructure (65)
[2015.02.11-15.01.31:582][911]LogModuleManager: Shutting down and abandoning module MessageLog (64)
[2015.02.11-15.01.31:582][911]LogModuleManager: Shutting down and abandoning module Sequencer (63)
[2015.02.11-15.01.31:582][911]LogModuleManager: Shutting down and abandoning module AssetTools (62)
[2015.02.11-15.01.31:582][911]LogModuleManager: Shutting down and abandoning module UMGEditor (61)
[2015.02.11-15.01.31:582][911]LogModuleManager: Shutting down and abandoning module UMG (60)
[2015.02.11-15.01.31:582][911]LogModuleManager: Shutting down and abandoning module Slate (59)
[2015.02.11-15.01.31:582][911]LogModuleManager: Shutting down and abandoning module EditorStyle (58)
[2015.02.11-15.01.31:602][911]LogModuleManager: Shutting down and abandoning module SessionServices (57)
[2015.02.11-15.01.31:602][911]LogModuleManager: Shutting down and abandoning module SourceCodeAccess (56)
[2015.02.11-15.01.31:602][911]LogModuleManager: Shutting down and abandoning module HeadMountedDisplay (55)
[2015.02.11-15.01.31:602][911]LogModuleManager: Shutting down and abandoning module XAudio2 (54)
[2015.02.11-15.01.31:602][911]LogModuleManager: Shutting down and abandoning module Networking (52)
[2015.02.11-15.01.31:602][911]LogModuleManager: Shutting down and abandoning module Core (51)
[2015.02.11-15.01.31:602][911]LogModuleManager: Shutting down and abandoning module KismetCompiler (50)
[2015.02.11-15.01.31:602][911]LogModuleManager: Shutting down and abandoning module PhysXFormats (49)
[2015.02.11-15.01.31:602][911]LogModuleManager: Shutting down and abandoning module MeshUtilities (48)
[2015.02.11-15.01.31:602][911]LogModuleManager: Shutting down and abandoning module DerivedDataCache (47)
[2015.02.11-15.01.32:045][911]LogDerivedDataCache: Shutdown
[2015.02.11-15.01.32:045][911]LogModuleManager: Shutting down and abandoning module ShaderFormatOpenGL (46)
[2015.02.11-15.01.32:045][911]LogModuleManager: Shutting down and abandoning module ShaderFormatD3D (45)
[2015.02.11-15.01.32:045][911]LogModuleManager: Shutting down and abandoning module MetalShaderFormat (44)
[2015.02.11-15.01.32:045][911]LogModuleManager: Shutting down and abandoning module TextureFormatUncompressed (43)
[2015.02.11-15.01.32:045][911]LogModuleManager: Shutting down and abandoning module TextureFormatPVR (42)
[2015.02.11-15.01.32:045][911]LogModuleManager: Shutting down and abandoning module TextureFormatDXT (41)
[2015.02.11-15.01.32:045][911]LogModuleManager: Shutting down and abandoning module TextureFormatAndroid (40)
[2015.02.11-15.01.32:045][911]LogModuleManager: Shutting down and abandoning module AudioFormatOpus (39)
[2015.02.11-15.01.32:045][911]LogModuleManager: Shutting down and abandoning module AudioFormatOgg (38)
[2015.02.11-15.01.32:045][911]LogModuleManager: Shutting down and abandoning module AudioFormatADPCM (37)
[2015.02.11-15.01.32:045][911]LogModuleManager: Shutting down and abandoning module LinuxTargetPlatform (36)
[2015.02.11-15.01.32:045][911]LogModuleManager: Shutting down and abandoning module LinuxServerTargetPlatform (35)
[2015.02.11-15.01.32:045][911]LogModuleManager: Shutting down and abandoning module LinuxNoEditorTargetPlatform (34)
[2015.02.11-15.01.32:045][911]LogModuleManager: Shutting down and abandoning module Messaging (33)
[2015.02.11-15.01.32:045][911]LogModuleManager: Shutting down and abandoning module IOSTargetPlatform (32)
[2015.02.11-15.01.32:045][911]LogModuleManager: Shutting down and abandoning module Android_PVRTCTargetPlatform (31)
[2015.02.11-15.01.32:045][911]LogModuleManager: Shutting down and abandoning module Android_ETC2TargetPlatform (30)
[2015.02.11-15.01.32:045][911]LogModuleManager: Shutting down and abandoning module Android_ETC1TargetPlatform (29)
[2015.02.11-15.01.32:045][911]LogModuleManager: Shutting down and abandoning module Android_DXTTargetPlatform (28)
[2015.02.11-15.01.32:045][911]LogModuleManager: Shutting down and abandoning module Android_ATCTargetPlatform (27)
[2015.02.11-15.01.32:045][911]LogModuleManager: Shutting down and abandoning module AndroidTargetPlatform (26)
[2015.02.11-15.01.32:045][911]LogModuleManager: Shutting down and abandoning module WindowsTargetPlatform (25)
[2015.02.11-15.01.32:045][911]LogModuleManager: Shutting down and abandoning module WindowsServerTargetPlatform (24)
[2015.02.11-15.01.32:045][911]LogModuleManager: Shutting down and abandoning module WindowsNoEditorTargetPlatform (23)
[2015.02.11-15.01.32:045][911]LogModuleManager: Shutting down and abandoning module WindowsClientTargetPlatform (22)
[2015.02.11-15.01.32:045][911]LogModuleManager: Shutting down and abandoning module TargetPlatform (21)
[2015.02.11-15.01.32:045][911]LogModuleManager: Shutting down and abandoning module InputCore (20)
[2015.02.11-15.01.32:045][911]LogModuleManager: Shutting down and abandoning module Settings (19)
[2015.02.11-15.01.32:045][911]LogModuleManager: Shutting down and abandoning module ImageWrapper (18)
[2015.02.11-15.01.32:045][911]LogModuleManager: Shutting down and abandoning module OculusRift (15)
[2015.02.11-15.01.32:045][911]LogModuleManager: Shutting down and abandoning module ExampleDeviceProfileSelector (14)
[2015.02.11-15.01.32:045][911]LogModuleManager: Shutting down and abandoning module TextureCompressor (13)
[2015.02.11-15.01.32:045][911]LogModuleManager: Shutting down and abandoning module ShaderCore (12)
[2015.02.11-15.01.32:045][911]LogModuleManager: Shutting down and abandoning module Landscape (11)
[2015.02.11-15.01.32:045][911]LogModuleManager: Shutting down and abandoning module SlateRHIRenderer (10)
[2015.02.11-15.01.32:046][911]LogModuleManager: Shutting down and abandoning module OpenGLDrv (9)
[2015.02.11-15.01.32:046][911]LogModuleManager: Shutting down and abandoning module D3D11RHI (8)
[2015.02.11-15.01.32:046][911]LogModuleManager: Shutting down and abandoning module Renderer (7)
[2015.02.11-15.01.32:046][911]LogModuleManager: Shutting down and abandoning module Engine (6)
[2015.02.11-15.01.32:046][911]LogModuleManager: Shutting down and abandoning module CoreUObject (5)
[2015.02.11-15.01.32:046][911]LogModuleManager: Shutting down and abandoning module NetworkFile (4)
[2015.02.11-15.01.32:046][911]LogModuleManager: Shutting down and abandoning module StreamingFile (3)
[2015.02.11-15.01.32:046][911]LogModuleManager: Shutting down and abandoning module SandboxFile (2)
[2015.02.11-15.01.32:046][911]LogModuleManager: Shutting down and abandoning module PakFile (1)
[2015.02.11-15.01.32:046][911]LogExit: Exiting.
[2015.02.11-15.01.32:060][911]Log file closed, 02/11/15 20:31:32
